<?xml version="1.0" encoding="UTF-8"?>
<!-- Generated by org.testng.reporters.JUnitXMLReporter -->
<testsuite hostname="GGN000179422001" name="Default test" tests="3" failures="0" timestamp="7 Jun 2019 09:10:00 GMT" time="3.856" errors="0">
  <testcase name="pathParams" time="2.838" classname="TestCases.RestAssuredBDD"/>
  <testcase name="pathParams" time="0.483" classname="TestCases.RestAssuredBDD"/>
  <testcase name="pathParams" time="0.514" classname="TestCases.RestAssuredBDD"/>
</testsuite> <!-- Default test -->
