<?xml version="1.0" encoding="UTF-8"?>
<!-- Generated by org.testng.reporters.JUnitXMLReporter -->
<testsuite hostname="XE-T-VIJAYKUM" name="AnotherReRun" tests="4" failures="3" timestamp="29 Aug 2018 10:22:00 GMT" time="0.0" errors="0">
  <testcase name="ReRunningOne" time="0.0" classname="TestCases.TestingAgainRun"/>
  <testcase name="ReRunningTwo" time="0.0" classname="TestCases.TestingAgainRun">
    <failure type="java.lang.AssertionError" message="expected [true] but found [false]">
      <![CDATA[java.lang.AssertionError: expected [true] but found [false]
	at TestCases.TestingAgainRun.ReRunningTwo(TestingAgainRun.java:18)
... Removed 28 stack frames]]>
    </failure>
  </testcase> <!-- ReRunningTwo -->
  <testcase name="ReRunningTwo" time="0.0" classname="TestCases.TestingAgainRun">
    <failure type="java.lang.AssertionError" message="expected [true] but found [false]">
      <![CDATA[java.lang.AssertionError: expected [true] but found [false]
	at TestCases.TestingAgainRun.ReRunningTwo(TestingAgainRun.java:18)
... Removed 28 stack frames]]>
    </failure>
  </testcase> <!-- ReRunningTwo -->
  <testcase name="ReRunningTwo" time="0.0" classname="TestCases.TestingAgainRun">
    <failure type="java.lang.AssertionError" message="expected [true] but found [false]">
      <![CDATA[java.lang.AssertionError: expected [true] but found [false]
	at TestCases.TestingAgainRun.ReRunningTwo(TestingAgainRun.java:18)
... Removed 28 stack frames]]>
    </failure>
  </testcase> <!-- ReRunningTwo -->
</testsuite> <!-- AnotherReRun -->
