<?xml version="1.0" encoding="UTF-8"?>
<!-- Generated by org.testng.reporters.JUnitXMLReporter -->
<testsuite hostname="XE-T-VIJAYKUM" name="Change Password" tests="1" failures="1" timestamp="30 Mar 2018 09:10:21 GMT" time="87.663" errors="0">
  <testcase name="verifyChangePasswordWithIncorrectOldPassword" time="35.546" classname="TestCases.ChangePasswordTest">
    <failure type="java.lang.AssertionError" message="Incorrect Old password feature is not working expected [Old Password incorrect] but found [Old Password is incorrect]">
      <![CDATA[java.lang.AssertionError: Incorrect Old password feature is not working expected [Old Password incorrect] but found [Old Password is incorrect]
	at TestCases.ChangePasswordTest.verifyChangePasswordWithIncorrectOldPassword(ChangePasswordTest.java:58)
... Removed 28 stack frames]]>
    </failure>
  </testcase> <!-- verifyChangePasswordWithIncorrectOldPassword -->
</testsuite> <!-- Change Password -->
