<?xml version="1.0" encoding="UTF-8"?>
<!-- Generated by org.testng.reporters.JUnitXMLReporter -->
<testsuite hostname="XE-T-VIJAYKUM" name="loginTests" tests="4" failures="3" timestamp="29 Aug 2018 10:14:17 GMT" time="46.286" errors="0">
  <testcase name="ReRunOne" time="0.014" classname="TestCases.TestReRun">
    <failure type="java.lang.AssertionError" message="expected [true] but found [false]">
      <![CDATA[java.lang.AssertionError: expected [true] but found [false]
	at TestCases.TestReRun.ReRunOne(TestReRun.java:13)
... Removed 28 stack frames]]>
    </failure>
  </testcase> <!-- ReRunOne -->
  <testcase name="ReRunOne" time="0.002" classname="TestCases.TestReRun">
    <failure type="java.lang.AssertionError" message="expected [true] but found [false]">
      <![CDATA[java.lang.AssertionError: expected [true] but found [false]
	at TestCases.TestReRun.ReRunOne(TestReRun.java:13)
... Removed 28 stack frames]]>
    </failure>
  </testcase> <!-- ReRunOne -->
  <testcase name="ReRunOne" time="0.001" classname="TestCases.TestReRun">
    <failure type="java.lang.AssertionError" message="expected [true] but found [false]">
      <![CDATA[java.lang.AssertionError: expected [true] but found [false]
	at TestCases.TestReRun.ReRunOne(TestReRun.java:13)
... Removed 28 stack frames]]>
    </failure>
  </testcase> <!-- ReRunOne -->
  <testcase name="ReRuntwo" time="0.003" classname="TestCases.TestReRun"/>
</testsuite> <!-- loginTests -->
