<?xml version="1.0" encoding="UTF-8"?>
<!-- Generated by org.testng.reporters.JUnitXMLReporter -->
<testsuite hostname="XE-T-VIJAYKUM" name="Change Password" tests="3" failures="0" timestamp="9 Apr 2018 10:24:22 GMT" time="51.909" errors="0">
  <testcase name="verifyChangePassword_IncorrectOldPassword_SM1" time="9.857" classname="TestCases.ChangePasswordTest"/>
  <testcase name="verifyChangePassword_WithCorrectOldPassword" time="6.855" classname="TestCases.ChangePasswordTest"/>
  <testcase name="verifyLoginFromNewPassword" time="2.084" classname="TestCases.ChangePasswordTest"/>
</testsuite> <!-- Change Password -->
