<?xml version="1.0" encoding="UTF-8"?>
<testsuite name="TestSuite" time="0.01" tests="3" errors="0" skipped="0" failures="1">
  <properties>
[...]
</properties>
  <testcase name="eightyTwenty" classname="TestCases.TestReRun" time="0.003"/>
  <testcase name="eightyTwenty" classname="TestCases.TestReRun" time="0.003"/>
  <testcase name="testbugFromJenkins" classname="TestCases.TestReRun" time="0.004">
    <failure message="The following asserts failed:&#10;Another soft assert failure" type="java.lang.AssertionError">java.lang.AssertionError: The following asserts failed:
Another soft assert failure
	at org.testng.asserts.SoftAssert.assertAll(SoftAssert.java:37)
	at TestCases.TestReRun.testbugFromJenkins(TestReRun.java:26)
</failure>
    <system-out>Error.....[Ljava.lang.StackTraceElement;@400dded4
Error.....[Ljava.lang.StackTraceElement;@3818efa2
</system-out>
  </testcase>
</testsuite>