-------------------------------------------------------------------------------
Test set: TestSuite
-------------------------------------------------------------------------------
Tests run: 8, Failures: 6, Errors: 0, Skipped: 0, Time elapsed: 86.946 sec <<< FAILURE!
ReRunOne(TestCases.TestReRun)  Time elapsed: 0.006 sec  <<< FAILURE!
java.lang.AssertionError: expected [true] but found [false]
	at org.testng.Assert.fail(Assert.java:94)
	at org.testng.Assert.failNotEquals(Assert.java:494)
	at org.testng.Assert.assertTrue(Assert.java:42)
	at org.testng.Assert.assertTrue(Assert.java:52)
	at TestCases.TestReRun.ReRunOne(TestReRun.java:13)

ReRunOne(TestCases.TestReRun)  Time elapsed: 0 sec  <<< FAILURE!
java.lang.AssertionError: expected [true] but found [false]
	at org.testng.Assert.fail(Assert.java:94)
	at org.testng.Assert.failNotEquals(Assert.java:494)
	at org.testng.Assert.assertTrue(Assert.java:42)
	at org.testng.Assert.assertTrue(Assert.java:52)
	at TestCases.TestReRun.ReRunOne(TestReRun.java:13)

ReRunOne(TestCases.TestReRun)  Time elapsed: 0 sec  <<< FAILURE!
java.lang.AssertionError: expected [true] but found [false]
	at org.testng.Assert.fail(Assert.java:94)
	at org.testng.Assert.failNotEquals(Assert.java:494)
	at org.testng.Assert.assertTrue(Assert.java:42)
	at org.testng.Assert.assertTrue(Assert.java:52)
	at TestCases.TestReRun.ReRunOne(TestReRun.java:13)

ReRunningTwo(TestCases.TestingAgainRun)  Time elapsed: 0.001 sec  <<< FAILURE!
java.lang.AssertionError: expected [true] but found [false]
	at org.testng.Assert.fail(Assert.java:94)
	at org.testng.Assert.failNotEquals(Assert.java:494)
	at org.testng.Assert.assertTrue(Assert.java:42)
	at org.testng.Assert.assertTrue(Assert.java:52)
	at TestCases.TestingAgainRun.ReRunningTwo(TestingAgainRun.java:20)

ReRunningTwo(TestCases.TestingAgainRun)  Time elapsed: 0.001 sec  <<< FAILURE!
java.lang.AssertionError: expected [true] but found [false]
	at org.testng.Assert.fail(Assert.java:94)
	at org.testng.Assert.failNotEquals(Assert.java:494)
	at org.testng.Assert.assertTrue(Assert.java:42)
	at org.testng.Assert.assertTrue(Assert.java:52)
	at TestCases.TestingAgainRun.ReRunningTwo(TestingAgainRun.java:20)

ReRunningTwo(TestCases.TestingAgainRun)  Time elapsed: 0.001 sec  <<< FAILURE!
java.lang.AssertionError: expected [true] but found [false]
	at org.testng.Assert.fail(Assert.java:94)
	at org.testng.Assert.failNotEquals(Assert.java:494)
	at org.testng.Assert.assertTrue(Assert.java:42)
	at org.testng.Assert.assertTrue(Assert.java:52)
	at TestCases.TestingAgainRun.ReRunningTwo(TestingAgainRun.java:20)

