<?xml version="1.0" encoding="UTF-8"?>
<testng-results skipped="0" failed="0" total="3" passed="3">
  <reporter-output>
  </reporter-output>
  <suite name="Default suite" duration-ms="3856" started-at="2019-06-07T09:09:56Z" finished-at="2019-06-07T09:10:00Z">
    <groups>
    </groups>
    <test name="Default test" duration-ms="3856" started-at="2019-06-07T09:09:56Z" finished-at="2019-06-07T09:10:00Z">
      <class name="TestCases.RestAssuredBDD">
        <test-method status="PASS" signature="pathParams(java.lang.String, java.lang.String, java.lang.String)[pri:0, instance:TestCases.RestAssuredBDD@1794d431]" name="pathParams" duration-ms="2838" started-at="2019-06-07T14:39:56Z" data-provider="circuitIDandTheirNames" finished-at="2019-06-07T14:39:59Z">
          <params>
            <param index="0">
              <value>
                <![CDATA[albert_park]]>
              </value>
            </param>
            <param index="1">
              <value>
                <![CDATA[Albert Park Grand Prix Circuit]]>
              </value>
            </param>
            <param index="2">
              <value>
                <![CDATA[Australia]]>
              </value>
            </param>
          </params>
          <reporter-output>
          </reporter-output>
        </test-method> <!-- pathParams -->
        <test-method status="PASS" signature="pathParams(java.lang.String, java.lang.String, java.lang.String)[pri:0, instance:TestCases.RestAssuredBDD@1794d431]" name="pathParams" duration-ms="483" started-at="2019-06-07T14:39:59Z" data-provider="circuitIDandTheirNames" finished-at="2019-06-07T14:40:00Z">
          <params>
            <param index="0">
              <value>
                <![CDATA[americas]]>
              </value>
            </param>
            <param index="1">
              <value>
                <![CDATA[Circuit of the Americas]]>
              </value>
            </param>
            <param index="2">
              <value>
                <![CDATA[USA]]>
              </value>
            </param>
          </params>
          <reporter-output>
          </reporter-output>
        </test-method> <!-- pathParams -->
        <test-method status="PASS" signature="pathParams(java.lang.String, java.lang.String, java.lang.String)[pri:0, instance:TestCases.RestAssuredBDD@1794d431]" name="pathParams" duration-ms="514" started-at="2019-06-07T14:40:00Z" data-provider="circuitIDandTheirNames" finished-at="2019-06-07T14:40:00Z">
          <params>
            <param index="0">
              <value>
                <![CDATA[bahrain]]>
              </value>
            </param>
            <param index="1">
              <value>
                <![CDATA[Bahrain International Circuit]]>
              </value>
            </param>
            <param index="2">
              <value>
                <![CDATA[Bahrain]]>
              </value>
            </param>
          </params>
          <reporter-output>
          </reporter-output>
        </test-method> <!-- pathParams -->
      </class> <!-- TestCases.RestAssuredBDD -->
    </test> <!-- Default test -->
  </suite> <!-- Default suite -->
</testng-results>
